{
  "RSpec": {
    "coverage": {
      "/home/vladislav/Ruby/TemperatureConverter/lib/converter.rb": {
        "lines": [
          1,
          1,
          6,
          null,
          6,
          null,
          6,
          null,
          2,
          null,
          2,
          null,
          2,
          null,
          null,
          6,
          null,
          null,
          1,
          2,
          null,
          1,
          null,
          1,
          null,
          null,
          null,
          1,
          2,
          null,
          1,
          null,
          1,
          null,
          null,
          null,
          1,
          2,
          null,
          1,
          null,
          1,
          null,
          null,
          null
        ]
      },
      "/home/vladislav/Ruby/TemperatureConverter/lib/input.rb": {
        "lines": [
          1,
          null,
          1,
          1,
          1,
          1,
          1,
          1,
          null,
          1,
          null,
          null,
          1,
          1,
          1,
          4,
          4,
          null,
          1,
          null,
          null,
          1,
          1,
          1,
          4,
          4,
          null,
          1,
          null,
          null,
          1,
          0,
          null,
          null,
          1,
          4,
          null,
          2,
          null,
          null,
          1,
          10,
          null,
          null,
          1,
          10,
          null,
          null
        ]
      },
      "/home/vladislav/Ruby/TemperatureConverter/lib/view.rb": {
        "lines": [
          1,
          1,
          1,
          null,
          null,
          1,
          1,
          null,
          null,
          1,
          1,
          null,
          null,
          1,
          1,
          null,
          null,
          1,
          1,
          null,
          null
        ]
      }
    },
    "timestamp": 1639423548
  }
}
